----------------------------------------------------------------
Thu Jul 28 09:52:20 WAT 2022:
Booting Derby version The Apache Software Foundation - Apache Derby - 10.14.2.0 - (1828579): instance a816c00e-0182-4401-b627-000002e2bb40 
on database directory /Users/elgsylvain85/dev/dm_bigdata/dmbigdatadb with class loader jdk.internal.loader.ClassLoaders$AppClassLoader@67424e82 
Loaded from file:/usr/local/spark-3.2.1-bin-hadoop3.2/jars/derby-10.14.2.0.jar
java.vendor=Homebrew
java.runtime.version=11.0.15+0
user.dir=/Users/elgsylvain85/dev/dm_bigdata
os.name=Mac OS X
os.arch=x86_64
os.version=12.4
derby.system.home=null
Database Class Loader started - derby.database.classpath=''
----------------------------------------------------------------
Thu Jul 28 09:55:05 WAT 2022:
Booting Derby version The Apache Software Foundation - Apache Derby - 10.14.2.0 - (1828579): instance 40a68025-0182-4401-b627-000002e2bb40 
on database directory /Users/elgsylvain85/dev/dm_bigdata/metastore_db with class loader jdk.internal.loader.ClassLoaders$AppClassLoader@67424e82 
Loaded from file:/usr/local/spark-3.2.1-bin-hadoop3.2/jars/derby-10.14.2.0.jar
java.vendor=Homebrew
java.runtime.version=11.0.15+0
user.dir=/Users/elgsylvain85/dev/dm_bigdata
os.name=Mac OS X
os.arch=x86_64
os.version=12.4
derby.system.home=null
Database Class Loader started - derby.database.classpath=''
